
🔔京喜工厂, 开始!

====================共1个京东账号Cookie=========

==================脚本执行- 北京时间(UTC+8)：2022/6/28 下午2:21:48=====================

开始获取京喜工厂配置文件

由于您环境变量(DREAM_FACTORY_SHARE_CODES)里面未提供助力码，故此处运行将会给脚本内置的码进行助力，请知晓！
共1个京东账号

您提供了2个账号的京喜工厂助力码

获取签名参数成功！
fp: 4787789851467165
token: tk01wd1fb1de830nrN98Pd90WvvCTYJc7wqvyn/szhXT0QYLu5llaGgyvfr0oKqHCzssaW7wVh5AsiSwUENul/Zwnnnn
enCryptMethodJD: function test(tk,fp,ts,ai,algo){var rd='N98Pd90WvvCM';var str=`${tk}${fp}${ts}${ai}${rd}`;return algo.HmacSHA512(str,tk)}

团活动ID: GAy1vgkXvnWFyGhxfH-ZvA==
有效时间：2022/02/01 00:00:00 - 2022/04/30 23:59:59
团ID已过期

团活动ID: NdcqpdxDfx3ttnfLhvbT1A==
有效时间：2022/01/31 00:00:00 - 2022/02/28 23:59:59
团ID已过期

团活动ID: xeqnltMDk5x_VWiD8Bq1_A==
有效时间：2021/11/12 00:00:00 - 2022/01/30 23:59:59
团ID已过期

团活动ID: tCo0qqjNLYX_v3sjUL8RcQ==
有效时间：2021/08/01 00:00:00 - 2021/09/30 23:59:59
团ID已过期

******开始【京东账号1】***************

GetUserInfo异常：{"msg":"登录京东账号才可以继续游戏哦~","nowTime":1656397309,"ret":10001}
QueryFriendList异常：{"msg":"亲,您还未登陆,正在为您跳转至登录页面...","nowTime":1656397310,"ret":10001}
开始
"Response code 403 (Forbidden)"
京喜工厂 API请求失败，请检查网路重试
第1个京东账号将要助力的好友["XOR3A1bQDLLlTvR5WzR3bg==","0f51WgzYHydCEESfms3PTg==","SmMbqc8FwQ0Zqml8FIJQ7w==","RGNzC42xzWN8zracxob5Iw==","CLs7z5ljieqUmYFCz-mPIg==","","WghOSPpHylNG1VOUUY0UCw==","RsjljNAAYotorAKjJjTGHg=="]
助力朋友[XOR3A1bQDLLlTvR5WzR3bg==]失败：亲,您还未登陆,正在为您跳转至登录页面...
助力朋友[0f51WgzYHydCEESfms3PTg==]失败：亲,您还未登陆,正在为您跳转至登录页面...
助力朋友[SmMbqc8FwQ0Zqml8FIJQ7w==]失败：亲,您还未登陆,正在为您跳转至登录页面...
助力朋友[RGNzC42xzWN8zracxob5Iw==]失败：亲,您还未登陆,正在为您跳转至登录页面...
助力朋友[CLs7z5ljieqUmYFCz-mPIg==]失败：亲,您还未登陆,正在为您跳转至登录页面...
助力朋友[WghOSPpHylNG1VOUUY0UCw==]失败：亲,您还未登陆,正在为您跳转至登录页面...
助力朋友[RsjljNAAYotorAKjJjTGHg==]失败：亲,您还未登陆,正在为您跳转至登录页面...

🔔京喜工厂, 结束! 🕛 3.101 秒

