
🔔京喜工厂, 开始!

====================共1个京东账号Cookie=========

==================脚本执行- 北京时间(UTC+8)：2022/6/29 下午12:24:43=====================

开始获取京喜工厂配置文件

由于您环境变量(DREAM_FACTORY_SHARE_CODES)里面未提供助力码，故此处运行将会给脚本内置的码进行助力，请知晓！
共1个京东账号

您提供了2个账号的京喜工厂助力码

获取签名参数成功！
fp: 6107365146480165
token: tk01wb3f71d1930nQblInFH4I2FBsCaRUkHyzYVWFjXtztSo9pv9zM4FC24lWcrh2U/DjIspQyVsseLYxG7xalDoWjjd
enCryptMethodJD: function test(tk,fp,ts,ai,algo){var rd='blInFH4I2FBk';var str=`${tk}${fp}${ts}${ai}${rd}`;return algo.SHA256(str)}

团活动ID: GAy1vgkXvnWFyGhxfH-ZvA==
有效时间：2022/02/01 00:00:00 - 2022/04/30 23:59:59
团ID已过期

团活动ID: NdcqpdxDfx3ttnfLhvbT1A==
有效时间：2022/01/31 00:00:00 - 2022/02/28 23:59:59
团ID已过期

团活动ID: xeqnltMDk5x_VWiD8Bq1_A==
有效时间：2021/11/12 00:00:00 - 2022/01/30 23:59:59
团ID已过期

团活动ID: tCo0qqjNLYX_v3sjUL8RcQ==
有效时间：2021/08/01 00:00:00 - 2021/09/30 23:59:59
团ID已过期

******开始【京东账号1】***************


==============📣系统通知📣==============
京喜工厂
【提示】cookie已失效
京东账号1 ******
请重新登录获取
https://bean.m.jd.com/bean/signIndex.action


您未提供server酱的SCKEY，取消微信推送消息通知🚫

您未提供push+推送所需的PUSH_PLUS_TOKEN，取消push+推送消息通知🚫

您未提供Bark的APP推送BARK_PUSH，取消Bark推送消息通知🚫

您未提供telegram机器人推送所需的TG_BOT_TOKEN和TG_USER_ID，取消telegram推送消息通知🚫

您未提供钉钉机器人推送所需的DD_BOT_TOKEN或者DD_BOT_SECRET，取消钉钉推送消息通知🚫

您未提供企业微信应用消息推送所需的QYWX_AM，取消企业微信应用消息推送消息通知🚫

您未提供iGot的推送IGOT_PUSH_KEY，取消iGot推送消息通知🚫

企业微信发送通知消息成功🎉。


🔔京喜工厂, 结束! 🕛 1.207 秒

