--------------------------------------------------------------

系统时间：2022-06-24 09:51:37

JS脚本目录：/jd/scripts

--------------------------------------------------------------

更新shell...   https://gitee.com/dockere/jd-base   

Fetching origin
HEAD is now at b4b2ccb dd

更新shell成功...

更新scripts...

Fetching origin
HEAD is now at 0f7debf Auto sync star scripts

更新scripts成功...


--------------------------------------------------------------

系统时间：2022-06-24 11:57:46

JS脚本目录：/jd/scripts

--------------------------------------------------------------

更新shell...   https://gitee.com/dockere/jd-base   

Fetching origin
HEAD is now at b4b2ccb dd

更新shell成功...

更新scripts...

Fetching origin
HEAD is now at 0f7debf Auto sync star scripts

更新scripts成功...


--------------------------------------------------------------

系统时间：2022-06-24 13:46:16

JS脚本目录：/jd/scripts

--------------------------------------------------------------

更新shell...   https://gitee.com/dockere/jd-base   

Fetching origin
HEAD is now at b4b2ccb dd

更新shell成功...

更新scripts...

Fetching origin
HEAD is now at 0f7debf Auto sync star scripts

更新scripts成功...


--------------------------------------------------------------

系统时间：2022-06-24 15:18:52

JS脚本目录：/jd/scripts

--------------------------------------------------------------

更新shell...   https://gitee.com/dockere/jd-base   

Fetching origin
HEAD is now at b4b2ccb dd

更新shell成功...

更新scripts...

Fetching origin
HEAD is now at 0f7debf Auto sync star scripts

更新scripts成功...


--------------------------------------------------------------

系统时间：2022-06-24 16:20:14

JS脚本目录：/jd/scripts

--------------------------------------------------------------

更新shell...   https://gitee.com/dockere/jd-base   

Fetching origin
HEAD is now at b4b2ccb dd

更新shell成功...

更新scripts...

Fetching origin
HEAD is now at 0f7debf Auto sync star scripts

更新scripts成功...


--------------------------------------------------------------

系统时间：2022-06-24 19:33:41

JS脚本目录：/jd/scripts

--------------------------------------------------------------

更新shell...   https://gitee.com/dockere/jd-base   

Fetching origin
HEAD is now at b4b2ccb dd

更新shell成功...

更新scripts...

Fetching origin
HEAD is now at 0f7debf Auto sync star scripts

更新scripts成功...


--------------------------------------------------------------

系统时间：2022-06-24 20:35:39

JS脚本目录：/jd/scripts

--------------------------------------------------------------

更新shell...   https://gitee.com/dockere/jd-base   

Fetching origin
HEAD is now at b4b2ccb dd

更新shell成功...

更新scripts...

Fetching origin
HEAD is now at 0f7debf Auto sync star scripts

更新scripts成功...


--------------------------------------------------------------

系统时间：2022-06-24 20:54:28

JS脚本目录：/jd/scripts

--------------------------------------------------------------

更新shell...   https://gitee.com/dockere/jd-base   

Fetching origin
HEAD is now at b4b2ccb dd

更新shell成功...

更新scripts...

Fetching origin
HEAD is now at 0f7debf Auto sync star scripts

更新scripts成功...


--------------------------------------------------------------

系统时间：2022-06-24 22:04:51

JS脚本目录：/jd/scripts

--------------------------------------------------------------

更新shell...   https://gitee.com/dockere/jd-base   

Fetching origin
HEAD is now at b4b2ccb dd

更新shell成功...

更新scripts...

Fetching origin
HEAD is now at 0f7debf Auto sync star scripts

更新scripts成功...


--------------------------------------------------------------

系统时间：2022-06-25 07:35:55

JS脚本目录：/jd/scripts

--------------------------------------------------------------

更新shell...   https://gitee.com/dockere/jd-base   

Fetching origin
HEAD is now at b4b2ccb dd

更新shell成功...

更新scripts...

Fetching origin
HEAD is now at 0f7debf Auto sync star scripts

更新scripts成功...


--------------------------------------------------------------

系统时间：2022-06-25 07:36:22

JS脚本目录：/jd/scripts

--------------------------------------------------------------

更新shell...   https://gitee.com/dockere/jd-base   

Fetching origin
HEAD is now at b4b2ccb dd

更新shell成功...

更新scripts...

Fetching origin
HEAD is now at 0f7debf Auto sync star scripts

更新scripts成功...


--------------------------------------------------------------

系统时间：2022-06-25 10:17:34

JS脚本目录：/jd/scripts

--------------------------------------------------------------

更新shell...   https://gitee.com/dockere/jd-base   

Fetching origin
HEAD is now at b4b2ccb dd

更新shell成功...

更新scripts...

Fetching origin
HEAD is now at 0f7debf Auto sync star scripts

更新scripts成功...


--------------------------------------------------------------

系统时间：2022-06-25 13:53:33

JS脚本目录：/jd/scripts

--------------------------------------------------------------

更新shell...   https://gitee.com/dockere/jd-base   

Fetching origin
HEAD is now at b4b2ccb dd

更新shell成功...

更新scripts...

Fetching origin
HEAD is now at 0f7debf Auto sync star scripts

更新scripts成功...


--------------------------------------------------------------

系统时间：2022-06-25 17:36:23

JS脚本目录：/jd/scripts

--------------------------------------------------------------

更新shell...   https://gitee.com/dockere/jd-base   

Fetching origin
HEAD is now at b4b2ccb dd

更新shell成功...

更新scripts...

Fetching origin
HEAD is now at 0f7debf Auto sync star scripts

更新scripts成功...


--------------------------------------------------------------

系统时间：2022-06-25 20:43:40

JS脚本目录：/jd/scripts

--------------------------------------------------------------

更新shell...   https://gitee.com/dockere/jd-base   

Fetching origin
HEAD is now at b4b2ccb dd

更新shell成功...

更新scripts...

Fetching origin
HEAD is now at 0f7debf Auto sync star scripts

更新scripts成功...


--------------------------------------------------------------

系统时间：2022-06-25 22:23:53

JS脚本目录：/jd/scripts

--------------------------------------------------------------

更新shell...   https://gitee.com/dockere/jd-base   

Fetching origin
HEAD is now at b4b2ccb dd

更新shell成功...

更新scripts...

Fetching origin
HEAD is now at 0f7debf Auto sync star scripts

更新scripts成功...


--------------------------------------------------------------

系统时间：2022-06-26 10:11:38

JS脚本目录：/jd/scripts

--------------------------------------------------------------

更新shell...   https://gitee.com/dockere/jd-base   

Fetching origin
HEAD is now at b4b2ccb dd

更新shell成功...

更新scripts...

Fetching origin
HEAD is now at 0f7debf Auto sync star scripts

更新scripts成功...


--------------------------------------------------------------

系统时间：2022-06-26 14:08:04

JS脚本目录：/jd/scripts

--------------------------------------------------------------

更新shell...   https://gitee.com/dockere/jd-base   

Fetching origin
HEAD is now at b4b2ccb dd

更新shell成功...

更新scripts...

Fetching origin
HEAD is now at 0f7debf Auto sync star scripts

更新scripts成功...


--------------------------------------------------------------

系统时间：2022-06-26 16:23:52

JS脚本目录：/jd/scripts

--------------------------------------------------------------

更新shell...   https://gitee.com/dockere/jd-base   

Fetching origin
HEAD is now at b4b2ccb dd

更新shell成功...

更新scripts...

Fetching origin
HEAD is now at 0f7debf Auto sync star scripts

更新scripts成功...


--------------------------------------------------------------

系统时间：2022-06-26 17:24:25

JS脚本目录：/jd/scripts

--------------------------------------------------------------

更新shell...   https://gitee.com/dockere/jd-base   

Fetching origin
HEAD is now at b4b2ccb dd

更新shell成功...

更新scripts...

Fetching origin
HEAD is now at 0f7debf Auto sync star scripts

更新scripts成功...


--------------------------------------------------------------

系统时间：2022-06-26 20:43:08

JS脚本目录：/jd/scripts

--------------------------------------------------------------

更新shell...   https://gitee.com/dockere/jd-base   

Fetching origin
HEAD is now at b4b2ccb dd

更新shell成功...

更新scripts...

Fetching origin
HEAD is now at 0f7debf Auto sync star scripts

更新scripts成功...


--------------------------------------------------------------

系统时间：2022-06-26 22:08:43

JS脚本目录：/jd/scripts

--------------------------------------------------------------

更新shell...   https://gitee.com/dockere/jd-base   

Fetching origin
HEAD is now at b4b2ccb dd

更新shell成功...

更新scripts...

Fetching origin
HEAD is now at 0f7debf Auto sync star scripts

更新scripts成功...


--------------------------------------------------------------

系统时间：2022-06-27 08:13:07

JS脚本目录：/jd/scripts

--------------------------------------------------------------

更新shell...   https://gitee.com/dockere/jd-base   

Fetching origin
HEAD is now at b4b2ccb dd

更新shell成功...

更新scripts...

Fetching origin
HEAD is now at 0f7debf Auto sync star scripts

更新scripts成功...


--------------------------------------------------------------

系统时间：2022-06-27 10:53:12

JS脚本目录：/jd/scripts

--------------------------------------------------------------

更新shell...   https://gitee.com/dockere/jd-base   

Fetching origin
HEAD is now at b4b2ccb dd

更新shell成功...

更新scripts...

Fetching origin
HEAD is now at 0f7debf Auto sync star scripts

更新scripts成功...


--------------------------------------------------------------

系统时间：2022-06-27 14:27:50

JS脚本目录：/jd/scripts

--------------------------------------------------------------

更新shell...   https://gitee.com/dockere/jd-base   

Fetching origin
HEAD is now at b4b2ccb dd

更新shell成功...

更新scripts...

Fetching origin
HEAD is now at 0f7debf Auto sync star scripts

更新scripts成功...


--------------------------------------------------------------

系统时间：2022-06-27 17:04:11

JS脚本目录：/jd/scripts

--------------------------------------------------------------

更新shell...   https://gitee.com/dockere/jd-base   

Fetching origin
HEAD is now at b4b2ccb dd

更新shell成功...

更新scripts...

Fetching origin
HEAD is now at 0f7debf Auto sync star scripts

更新scripts成功...


--------------------------------------------------------------

系统时间：2022-06-27 19:41:22

JS脚本目录：/jd/scripts

--------------------------------------------------------------

更新shell...   https://gitee.com/dockere/jd-base   

Fetching origin
HEAD is now at b4b2ccb dd

更新shell成功...

更新scripts...

Fetching origin
HEAD is now at 0f7debf Auto sync star scripts

更新scripts成功...


--------------------------------------------------------------

系统时间：2022-06-27 21:09:00

JS脚本目录：/jd/scripts

--------------------------------------------------------------

更新shell...   https://gitee.com/dockere/jd-base   

Fetching origin
HEAD is now at b4b2ccb dd

更新shell成功...

更新scripts...

Fetching origin
HEAD is now at 0f7debf Auto sync star scripts

更新scripts成功...


--------------------------------------------------------------

系统时间：2022-06-27 23:11:22

JS脚本目录：/jd/scripts

--------------------------------------------------------------

更新shell...   https://gitee.com/dockere/jd-base   

Fetching origin
HEAD is now at b4b2ccb dd

更新shell成功...

更新scripts...

Fetching origin
HEAD is now at 0f7debf Auto sync star scripts

更新scripts成功...


--------------------------------------------------------------

系统时间：2022-06-28 08:01:10

JS脚本目录：/jd/scripts

--------------------------------------------------------------

更新shell...   https://gitee.com/dockere/jd-base   

Fetching origin
HEAD is now at b4b2ccb dd

更新shell成功...

更新scripts...

Fetching origin
HEAD is now at 0f7debf Auto sync star scripts

更新scripts成功...


--------------------------------------------------------------

系统时间：2022-06-28 08:07:52

JS脚本目录：/jd/scripts

--------------------------------------------------------------

更新shell...   https://gitee.com/dockere/jd-base   

Fetching origin
HEAD is now at b4b2ccb dd

更新shell成功...

更新scripts...

Fetching origin
HEAD is now at 0f7debf Auto sync star scripts

更新scripts成功...


--------------------------------------------------------------

系统时间：2022-06-28 08:17:49

JS脚本目录：/jd/scripts

--------------------------------------------------------------

更新shell...   https://gitee.com/dockere/jd-base   

Fetching origin
HEAD is now at b4b2ccb dd

更新shell成功...

更新scripts...

Fetching origin
HEAD is now at 0f7debf Auto sync star scripts

更新scripts成功...


--------------------------------------------------------------

系统时间：2022-06-28 10:01:05

JS脚本目录：/jd/scripts

--------------------------------------------------------------

更新shell...   https://gitee.com/dockere/jd-base   

Fetching origin
HEAD is now at b4b2ccb dd

更新shell成功...

更新scripts...

Fetching origin
HEAD is now at 0f7debf Auto sync star scripts

更新scripts成功...


--------------------------------------------------------------

系统时间：2022-06-28 12:34:45

JS脚本目录：/jd/scripts

--------------------------------------------------------------

更新shell...   https://gitee.com/dockere/jd-base   

Fetching origin
HEAD is now at b4b2ccb dd

更新shell成功...

更新scripts...

Fetching origin
HEAD is now at 0f7debf Auto sync star scripts

更新scripts成功...


--------------------------------------------------------------

系统时间：2022-06-28 15:23:55

JS脚本目录：/jd/scripts

--------------------------------------------------------------

更新shell...   https://gitee.com/dockere/jd-base   

Fetching origin
HEAD is now at b4b2ccb dd

更新shell成功...

更新scripts...

Fetching origin
HEAD is now at 0f7debf Auto sync star scripts

更新scripts成功...


--------------------------------------------------------------

系统时间：2022-06-28 18:20:01

JS脚本目录：/jd/scripts

--------------------------------------------------------------

更新shell...   https://gitee.com/dockere/jd-base   

Fetching origin
HEAD is now at b4b2ccb dd

更新shell成功...

更新scripts...

Fetching origin
HEAD is now at 0f7debf Auto sync star scripts

更新scripts成功...


--------------------------------------------------------------

系统时间：2022-06-28 20:54:42

JS脚本目录：/jd/scripts

--------------------------------------------------------------

更新shell...   https://gitee.com/dockere/jd-base   

Fetching origin
HEAD is now at b4b2ccb dd

更新shell成功...

更新scripts...

Fetching origin
HEAD is now at 0f7debf Auto sync star scripts

更新scripts成功...


--------------------------------------------------------------

系统时间：2022-06-29 07:13:08

JS脚本目录：/jd/scripts

--------------------------------------------------------------

更新shell...   https://gitee.com/dockere/jd-base   

Fetching origin
HEAD is now at b4b2ccb dd

更新shell成功...

更新scripts...

Fetching origin
HEAD is now at 0f7debf Auto sync star scripts

更新scripts成功...


--------------------------------------------------------------

系统时间：2022-06-29 07:55:52

JS脚本目录：/jd/scripts

--------------------------------------------------------------

更新shell...   https://gitee.com/dockere/jd-base   

Fetching origin
HEAD is now at b4b2ccb dd

更新shell成功...

更新scripts...

Fetching origin
HEAD is now at 0f7debf Auto sync star scripts

更新scripts成功...


--------------------------------------------------------------

系统时间：2022-06-29 08:30:30

JS脚本目录：/jd/scripts

--------------------------------------------------------------

更新shell...   https://gitee.com/dockere/jd-base   

Fetching origin
HEAD is now at b4b2ccb dd

更新shell成功...

更新scripts...

Fetching origin
HEAD is now at 0f7debf Auto sync star scripts

更新scripts成功...


--------------------------------------------------------------

系统时间：2022-06-29 10:58:37

JS脚本目录：/jd/scripts

--------------------------------------------------------------

更新shell...   https://gitee.com/dockere/jd-base   

Fetching origin
HEAD is now at b4b2ccb dd

更新shell成功...

更新scripts...

Fetching origin
HEAD is now at 0f7debf Auto sync star scripts

更新scripts成功...


--------------------------------------------------------------

系统时间：2022-06-29 12:53:10

JS脚本目录：/jd/scripts

--------------------------------------------------------------

更新shell...   https://gitee.com/dockere/jd-base   

Fetching origin
HEAD is now at b4b2ccb dd

更新shell成功...

更新scripts...

Fetching origin
HEAD is now at 0f7debf Auto sync star scripts

更新scripts成功...


--------------------------------------------------------------

系统时间：2022-06-29 14:22:36

JS脚本目录：/jd/scripts

--------------------------------------------------------------

更新shell...   https://gitee.com/dockere/jd-base   

Fetching origin
HEAD is now at b4b2ccb dd

更新shell成功...

更新scripts...

Fetching origin
HEAD is now at 0f7debf Auto sync star scripts

更新scripts成功...


--------------------------------------------------------------

系统时间：2022-06-29 15:52:21

JS脚本目录：/jd/scripts

--------------------------------------------------------------

更新shell...   https://gitee.com/dockere/jd-base   

Fetching origin
HEAD is now at b4b2ccb dd

更新shell成功...

更新scripts...

Fetching origin
HEAD is now at 0f7debf Auto sync star scripts

更新scripts成功...


--------------------------------------------------------------

系统时间：2022-06-29 17:26:15

JS脚本目录：/jd/scripts

--------------------------------------------------------------

更新shell...   https://gitee.com/dockere/jd-base   

Fetching origin
HEAD is now at b4b2ccb dd

更新shell成功...

更新scripts...

Fetching origin
HEAD is now at 0f7debf Auto sync star scripts

更新scripts成功...


--------------------------------------------------------------

系统时间：2022-06-29 19:00:08

JS脚本目录：/jd/scripts

--------------------------------------------------------------

更新shell...   https://gitee.com/dockere/jd-base   

Fetching origin
HEAD is now at b4b2ccb dd

更新shell成功...

更新scripts...

Fetching origin
HEAD is now at 0f7debf Auto sync star scripts

更新scripts成功...


--------------------------------------------------------------

系统时间：2022-06-29 19:28:42

JS脚本目录：/jd/scripts

--------------------------------------------------------------

更新shell...   https://gitee.com/dockere/jd-base   

Fetching origin
HEAD is now at b4b2ccb dd

更新shell成功...

更新scripts...

Fetching origin
HEAD is now at 0f7debf Auto sync star scripts

更新scripts成功...


--------------------------------------------------------------

系统时间：2022-06-29 20:57:08

JS脚本目录：/jd/scripts

--------------------------------------------------------------

更新shell...   https://gitee.com/dockere/jd-base   

Fetching origin
HEAD is now at b4b2ccb dd

更新shell成功...

更新scripts...

Fetching origin
HEAD is now at 0f7debf Auto sync star scripts

更新scripts成功...


--------------------------------------------------------------

系统时间：2022-06-29 23:26:54

JS脚本目录：/jd/scripts

--------------------------------------------------------------

更新shell...   https://gitee.com/dockere/jd-base   

Fetching origin
HEAD is now at b4b2ccb dd

更新shell成功...

更新scripts...

Fetching origin
HEAD is now at 0f7debf Auto sync star scripts

更新scripts成功...


--------------------------------------------------------------

系统时间：2022-06-30 09:13:53

JS脚本目录：/jd/scripts

--------------------------------------------------------------

更新shell...   https://gitee.com/dockere/jd-base   

Fetching origin
HEAD is now at b4b2ccb dd

更新shell成功...

更新scripts...

Fetching origin
HEAD is now at 0f7debf Auto sync star scripts

更新scripts成功...


--------------------------------------------------------------

系统时间：2022-06-30 11:20:46

JS脚本目录：/jd/scripts

--------------------------------------------------------------

更新shell...   https://gitee.com/dockere/jd-base   

Fetching origin
HEAD is now at b4b2ccb dd

更新shell成功...

更新scripts...

Fetching origin
HEAD is now at 0f7debf Auto sync star scripts

更新scripts成功...


--------------------------------------------------------------

系统时间：2022-06-30 13:18:27

JS脚本目录：/jd/scripts

--------------------------------------------------------------

更新shell...   https://gitee.com/dockere/jd-base   

Fetching origin
HEAD is now at b4b2ccb dd

更新shell成功...

更新scripts...

Fetching origin
HEAD is now at 0f7debf Auto sync star scripts

更新scripts成功...


--------------------------------------------------------------

系统时间：2022-06-30 15:02:28

JS脚本目录：/jd/scripts

--------------------------------------------------------------

更新shell...   https://gitee.com/dockere/jd-base   

Fetching origin
HEAD is now at b4b2ccb dd

更新shell成功...

更新scripts...

Fetching origin
HEAD is now at 0f7debf Auto sync star scripts

更新scripts成功...


--------------------------------------------------------------

系统时间：2022-06-30 16:43:37

JS脚本目录：/jd/scripts

--------------------------------------------------------------

更新shell...   https://gitee.com/dockere/jd-base   

Fetching origin
HEAD is now at b4b2ccb dd

更新shell成功...

更新scripts...

Fetching origin
HEAD is now at 0f7debf Auto sync star scripts

更新scripts成功...


--------------------------------------------------------------

系统时间：2022-06-30 19:03:32

JS脚本目录：/jd/scripts

--------------------------------------------------------------

更新shell...   https://gitee.com/dockere/jd-base   

Fetching origin
HEAD is now at b4b2ccb dd

更新shell成功...

更新scripts...

Fetching origin
HEAD is now at 0f7debf Auto sync star scripts

更新scripts成功...


--------------------------------------------------------------

系统时间：2022-06-30 19:57:26

JS脚本目录：/jd/scripts

--------------------------------------------------------------

更新shell...   https://gitee.com/dockere/jd-base   

Fetching origin
HEAD is now at b4b2ccb dd

更新shell成功...

更新scripts...

Fetching origin
HEAD is now at 0f7debf Auto sync star scripts

更新scripts成功...


--------------------------------------------------------------

系统时间：2022-06-30 20:07:49

JS脚本目录：/jd/scripts

--------------------------------------------------------------

更新shell...   https://gitee.com/dockere/jd-base   

Fetching origin
HEAD is now at b4b2ccb dd

更新shell成功...

更新scripts...

Fetching origin
HEAD is now at 0f7debf Auto sync star scripts

更新scripts成功...


--------------------------------------------------------------

系统时间：2022-06-30 20:27:50

JS脚本目录：/jd/scripts

--------------------------------------------------------------

更新shell...   https://gitee.com/dockere/jd-base   

Fetching origin
HEAD is now at b4b2ccb dd

更新shell成功...

更新scripts...

Fetching origin
HEAD is now at 0f7debf Auto sync star scripts

更新scripts成功...


--------------------------------------------------------------

系统时间：2022-06-30 21:20:38

JS脚本目录：/jd/scripts

--------------------------------------------------------------

更新shell...   https://gitee.com/dockere/jd-base   

Fetching origin
HEAD is now at b4b2ccb dd

更新shell成功...

更新scripts...

Fetching origin
HEAD is now at 0f7debf Auto sync star scripts

更新scripts成功...


--------------------------------------------------------------

系统时间：2022-06-30 21:40:25

JS脚本目录：/jd/scripts

--------------------------------------------------------------

更新shell...   https://gitee.com/dockere/jd-base   

Fetching origin
HEAD is now at b4b2ccb dd

更新shell成功...

更新scripts...

Fetching origin
HEAD is now at 0f7debf Auto sync star scripts

更新scripts成功...


--------------------------------------------------------------

系统时间：2022-06-30 22:26:32

JS脚本目录：/jd/scripts

--------------------------------------------------------------

更新shell...   https://gitee.com/dockere/jd-base   

Fetching origin
HEAD is now at b4b2ccb dd

更新shell成功...

更新scripts...

Fetching origin
HEAD is now at 0f7debf Auto sync star scripts

更新scripts成功...


--------------------------------------------------------------

系统时间：2022-07-01 09:51:09

JS脚本目录：/jd/scripts

--------------------------------------------------------------

更新shell...   https://gitee.com/dockere/jd-base   

Fetching origin
HEAD is now at b4b2ccb dd

更新shell成功...

更新scripts...

Fetching origin
HEAD is now at 0f7debf Auto sync star scripts

更新scripts成功...


--------------------------------------------------------------

系统时间：2022-07-01 12:43:43

JS脚本目录：/jd/scripts

--------------------------------------------------------------

更新shell...   https://gitee.com/dockere/jd-base   

Fetching origin
HEAD is now at b4b2ccb dd

更新shell成功...

更新scripts...

Fetching origin
HEAD is now at 0f7debf Auto sync star scripts

更新scripts成功...


--------------------------------------------------------------

系统时间：2022-07-01 14:26:53

JS脚本目录：/jd/scripts

--------------------------------------------------------------

更新shell...   https://gitee.com/dockere/jd-base   

Fetching origin
HEAD is now at b4b2ccb dd

更新shell成功...

更新scripts...

Fetching origin
HEAD is now at 0f7debf Auto sync star scripts

更新scripts成功...


--------------------------------------------------------------

系统时间：2022-07-01 15:57:39

JS脚本目录：/jd/scripts

--------------------------------------------------------------

更新shell...   https://gitee.com/dockere/jd-base   

Fetching origin
HEAD is now at b4b2ccb dd

更新shell成功...

更新scripts...

Fetching origin
HEAD is now at 0f7debf Auto sync star scripts

更新scripts成功...

