
🔔金融养猪, 开始!

====================共1个京东账号Cookie=========

==================脚本执行- 北京时间(UTC+8)：2022/6/26 下午7:25:46=====================


开始【京东账号1】******


==============📣系统通知📣==============
金融养猪
【提示】cookie已失效
京东账号1 ******
请重新登录获取
https://bean.m.jd.com/bean/signIndex.action


您未提供server酱的SCKEY，取消微信推送消息通知🚫

您未提供push+推送所需的PUSH_PLUS_TOKEN，取消push+推送消息通知🚫

您未提供Bark的APP推送BARK_PUSH，取消Bark推送消息通知🚫

您未提供telegram机器人推送所需的TG_BOT_TOKEN和TG_USER_ID，取消telegram推送消息通知🚫

您未提供钉钉机器人推送所需的DD_BOT_TOKEN或者DD_BOT_SECRET，取消钉钉推送消息通知🚫

您未提供企业微信应用消息推送所需的QYWX_AM，取消企业微信应用消息推送消息通知🚫

您未提供iGot的推送IGOT_PUSH_KEY，取消iGot推送消息通知🚫

企业微信发送通知消息成功🎉。

[]

======开始大转盘助力======


🔔金融养猪, 结束! 🕛 0.785 秒

