
🔔京喜财富岛, 开始!

====================共1个京东账号Cookie=========

==================脚本执行- 北京时间(UTC+8)：2022/6/29 下午10:08:55=====================

获取签名参数成功！
fp: 2958601353346165
token: tk02wbff51d0f18n7e3YTJ34M86tvDNG1zezzjQjzkndTbBQBtZKfklgEXpsouizjft7bOr1Btp1Tv4I4vrlG+Ve1UdY
enCryptMethodJD: function test(tk,fp,ts,ai,algo){var rd='e3YTJ34M86tH';var str=`${tk}${fp}${ts}${ai}${rd}`;return algo.SHA256(str)}

******开始【京东账号1】***************


==============📣系统通知📣==============
京喜财富岛
【提示】cookie已失效
京东账号1 ******
请重新登录获取
https://bean.m.jd.com/bean/signIndex.action


您未提供server酱的SCKEY，取消微信推送消息通知🚫

您未提供push+推送所需的PUSH_PLUS_TOKEN，取消push+推送消息通知🚫

您未提供Bark的APP推送BARK_PUSH，取消Bark推送消息通知🚫

您未提供telegram机器人推送所需的TG_BOT_TOKEN和TG_USER_ID，取消telegram推送消息通知🚫

您未提供钉钉机器人推送所需的DD_BOT_TOKEN或者DD_BOT_SECRET，取消钉钉推送消息通知🚫

您未提供企业微信应用消息推送所需的QYWX_AM，取消企业微信应用消息推送消息通知🚫

您未提供iGot的推送IGOT_PUSH_KEY，取消iGot推送消息通知🚫

企业微信发送通知消息成功🎉。

"Response code 403 (Forbidden)"
京喜财富岛 readShareCode API请求失败，请检查网路重试
您将要助力的好友[]

🔔京喜财富岛, 结束! 🕛 2.658 秒

