
🔔京东种豆得豆, 开始!
开始获取种豆得豆配置文件


====================共1个京东账号Cookie=========

==================脚本执行- 北京时间(UTC+8)：2022/6/30 下午4:38:40=====================

由于您环境变量(PLANT_BEAN_SHARECODES)里面未提供助力码，故此处运行将会给脚本内置的码进行助力，请知晓！
共1个京东账号

您提供了2个账号的种豆得豆助力码


开始【京东账号1】******


==============📣系统通知📣==============
京东种豆得豆
【提示】cookie已失效
京东账号1 ******
请重新登录获取
https://bean.m.jd.com/bean/signIndex.action


您未提供server酱的SCKEY，取消微信推送消息通知🚫

您未提供push+推送所需的PUSH_PLUS_TOKEN，取消push+推送消息通知🚫

您未提供Bark的APP推送BARK_PUSH，取消Bark推送消息通知🚫

您未提供telegram机器人推送所需的TG_BOT_TOKEN和TG_USER_ID，取消telegram推送消息通知🚫

您未提供钉钉机器人推送所需的DD_BOT_TOKEN或者DD_BOT_SECRET，取消钉钉推送消息通知🚫

您未提供企业微信应用消息推送所需的QYWX_AM，取消企业微信应用消息推送消息通知🚫

您未提供iGot的推送IGOT_PUSH_KEY，取消iGot推送消息通知🚫

企业微信发送通知消息成功🎉。


🔔京东种豆得豆, 结束! 🕛 0.856 秒

