
🔔金榜创造营, 开始!

====================共1个京东账号Cookie=========

==================脚本执行- 北京时间(UTC+8)：2022/6/26 下午10:00:01=====================


******开始【京东账号1】***************

共有9个主题

❗️金榜创造营, 错误!
TypeError: Cannot read property 'taskStatus' of undefined
    at doTask2 (/jd/scripts/jd_gold_creator.js:217:17)
    at /jd/scripts/jd_gold_creator.js:170:23
    at isSurge.isLoon.isQuanX.isNode.got.on.then.message (/jd/scripts/jd_gold_creator.js:351:4869)
    at processTicksAndRejections (internal/process/task_queues.js:95:5)
已投票0主题


开始给【新奇式尝鲜】主题下的商品进行投票
当前剩余投票次数：0
给 【伊利 QQ星DHA牛奶】 商品投票
失败：{"isSuccess":false,"code":"3","msg":"用户未登录"}


开始给【立体式健康】主题下的商品进行投票
当前剩余投票次数：0
给 【TCL 新风空调小蓝翼II】 商品投票
失败：{"isSuccess":false,"code":"3","msg":"用户未登录"}


开始给【精细化家电】主题下的商品进行投票
当前剩余投票次数：0
给 【博朗 9系高端机皇剃须刀】 商品投票
失败：{"isSuccess":false,"code":"3","msg":"用户未登录"}


开始给【细致化美学】主题下的商品进行投票
当前剩余投票次数：0
给 【兰蔻 小黑瓶50ml肌底液 】 商品投票
失败：{"isSuccess":false,"code":"3","msg":"用户未登录"}


开始给【尽兴乐活派】主题下的商品进行投票
当前剩余投票次数：0
给 【荣耀70 IMX800】 商品投票
失败：{"isSuccess":false,"code":"3","msg":"用户未登录"}


开始给【家庭游乐场】主题下的商品进行投票
当前剩余投票次数：0
给 【一加 天玑8100-MAX 】 商品投票
失败：{"isSuccess":false,"code":"3","msg":"用户未登录"}


开始给【纯净式护理】主题下的商品进行投票
当前剩余投票次数：0
给 【帮宝适 黑金帮纸尿裤】 商品投票
失败：{"isSuccess":false,"code":"3","msg":"用户未登录"}


开始给【潮酷来电家】主题下的商品进行投票
当前剩余投票次数：0
给 【华为 MatePad 11 】 商品投票
失败：{"isSuccess":false,"code":"3","msg":"用户未登录"}


开始给【沉浸式家务】主题下的商品进行投票
当前剩余投票次数：0
给 【奥妙 三合一洗衣凝珠】 商品投票
失败：{"isSuccess":false,"code":"3","msg":"用户未登录"}

揭榜失败：{"isSuccess":true,"code":"-3"}

🔔金榜创造营, 结束! 🕛 22.045 秒

