
🔔金榜创造营, 开始!

====================共1个京东账号Cookie=========

==================脚本执行- 北京时间(UTC+8)：2022/6/30 下午10:00:01=====================


******开始【京东账号1】***************

共有9个主题

❗️金榜创造营, 错误!
TypeError: Cannot read property 'taskStatus' of undefined
    at doTask2 (/jd/scripts/jd_gold_creator.js:217:17)
    at /jd/scripts/jd_gold_creator.js:170:23
    at isSurge.isLoon.isQuanX.isNode.got.on.then.message (/jd/scripts/jd_gold_creator.js:351:4869)
    at processTicksAndRejections (internal/process/task_queues.js:95:5)
已投票0主题


开始给【新奇式尝鲜】主题下的商品进行投票
当前剩余投票次数：0
给 【农夫山泉 东方树叶茉莉花茶】 商品投票
失败：{"isSuccess":false,"code":"3","msg":"用户未登录"}


开始给【精细化家电】主题下的商品进行投票
当前剩余投票次数：0
给 【佳尼特 60升电热水器 】 商品投票
失败：{"isSuccess":false,"code":"3","msg":"用户未登录"}


开始给【家庭游乐场】主题下的商品进行投票
当前剩余投票次数：0
给 【一加 天玑8100-MAX 】 商品投票
失败：{"isSuccess":false,"code":"3","msg":"用户未登录"}


开始给【立体式健康】主题下的商品进行投票
当前剩余投票次数：0
给 【海尔 501升电冰箱】 商品投票
失败：{"isSuccess":false,"code":"3","msg":"用户未登录"}


开始给【纯净式护理】主题下的商品进行投票
当前剩余投票次数：0
给 【惠润 绿野鲜花洗发水】 商品投票
失败：{"isSuccess":false,"code":"3","msg":"用户未登录"}


开始给【潮酷来电家】主题下的商品进行投票
当前剩余投票次数：0
给 【realme 真我GT Neo3 】 商品投票
失败：{"isSuccess":false,"code":"3","msg":"用户未登录"}


开始给【沉浸式家务】主题下的商品进行投票
当前剩余投票次数：0
给 【添可 智能料理机】 商品投票
失败：{"isSuccess":false,"code":"3","msg":"用户未登录"}


开始给【尽兴乐活派】主题下的商品进行投票
当前剩余投票次数：0
给 【浪琴 名匠系列月相男表 】 商品投票
失败：{"isSuccess":false,"code":"3","msg":"用户未登录"}


开始给【细致化美学】主题下的商品进行投票
当前剩余投票次数：0
给 【玉兰油 第2代淡斑小白瓶】 商品投票
失败：{"isSuccess":false,"code":"3","msg":"用户未登录"}

揭榜失败：{"isSuccess":true,"code":"-3"}

🔔金榜创造营, 结束! 🕛 23.078 秒

