
🔔京东签到图形验证, 开始!

====================共1个京东账号Cookie=========

==================脚本执行- 北京时间(UTC+8)：2022/6/25 上午9:35:54=====================


开始【京东账号1】******

京东商城-健康 无法签到
签到地址:https://prodev.m.jd.com/mall/active/w2oeK5yLdHqHvwef7SMMy4PL8LF/index.html

等待3.709秒
京东商城-清洁 您已经很久没有登录啦，登录后体验更好哦~
等待36.791秒
等待2.179秒
京东商城-个护 您已经很久没有登录啦，登录后体验更好哦~
等待33.670秒
等待3.804秒
京东商城-母婴 您已经很久没有登录啦，登录后体验更好哦~
等待33.216秒
等待2.990秒
京东商城-数码 您已经很久没有登录啦，登录后体验更好哦~
等待34.709秒
等待3.095秒
PLUS会员定制 您还不是plus会员，请先开通plus会员吧
等待2.008秒

==============📣系统通知📣==============
京东签到图形验证
【京东账号1】******
【签到时间】:  2022/6/25 09:38:33
【签到概览】:  成功0个, 失败5个，失效1个


==============📣系统通知📣==============
京东签到图形验证
【签到数量】:  6个
【京东账号1】******
【签到时间】:  2022/6/25 09:38:33
【签到概览】:  成功0个, 失败5个，失效1个




您未提供server酱的SCKEY，取消微信推送消息通知🚫

您未提供push+推送所需的PUSH_PLUS_TOKEN，取消push+推送消息通知🚫

您未提供Bark的APP推送BARK_PUSH，取消Bark推送消息通知🚫

您未提供telegram机器人推送所需的TG_BOT_TOKEN和TG_USER_ID，取消telegram推送消息通知🚫

您未提供钉钉机器人推送所需的DD_BOT_TOKEN或者DD_BOT_SECRET，取消钉钉推送消息通知🚫

您未提供企业微信应用消息推送所需的QYWX_AM，取消企业微信应用消息推送消息通知🚫

您未提供iGot的推送IGOT_PUSH_KEY，取消iGot推送消息通知🚫

企业微信发送通知消息成功🎉。


🔔京东签到图形验证, 结束! 🕛 159.396 秒

