
🔔京东签到图形验证, 开始!

====================共1个京东账号Cookie=========

==================脚本执行- 北京时间(UTC+8)：2022/7/1 上午9:38:51=====================


开始【京东账号1】******

京东商城-健康 无法签到
签到地址:https://prodev.m.jd.com/mall/active/w2oeK5yLdHqHvwef7SMMy4PL8LF/index.html

等待3.154秒
京东商城-清洁 您已经很久没有登录啦，登录后体验更好哦~
等待36.805秒
等待2.665秒
京东商城-个护 您已经很久没有登录啦，登录后体验更好哦~
等待32.678秒
等待3.048秒
京东商城-母婴 您已经很久没有登录啦，登录后体验更好哦~
等待35.403秒
等待2.346秒
京东商城-数码 您已经很久没有登录啦，登录后体验更好哦~
等待34.010秒
等待2.229秒
PLUS会员定制 您还不是plus会员，请先开通plus会员吧
等待2.082秒

==============📣系统通知📣==============
京东签到图形验证
【京东账号1】******
【签到时间】:  2022/7/1 09:41:28
【签到概览】:  成功0个, 失败5个，失效1个


==============📣系统通知📣==============
京东签到图形验证
【签到数量】:  6个
【京东账号1】******
【签到时间】:  2022/7/1 09:41:28
【签到概览】:  成功0个, 失败5个，失效1个




您未提供server酱的SCKEY，取消微信推送消息通知🚫

您未提供push+推送所需的PUSH_PLUS_TOKEN，取消push+推送消息通知🚫

您未提供Bark的APP推送BARK_PUSH，取消Bark推送消息通知🚫

您未提供telegram机器人推送所需的TG_BOT_TOKEN和TG_USER_ID，取消telegram推送消息通知🚫

您未提供钉钉机器人推送所需的DD_BOT_TOKEN或者DD_BOT_SECRET，取消钉钉推送消息通知🚫

您未提供企业微信应用消息推送所需的QYWX_AM，取消企业微信应用消息推送消息通知🚫

您未提供iGot的推送IGOT_PUSH_KEY，取消iGot推送消息通知🚫

企业微信发送通知消息成功🎉。


🔔京东签到图形验证, 结束! 🕛 157.675 秒

