
🔔东东健康社区, 开始!

====================共1个京东账号Cookie=========

==================脚本执行- 北京时间(UTC+8)：2022/6/30 下午10:13:11=====================

如果出现提示 ?.data. 错误，请升级nodejs版本(进入容器后，apk add nodejs-current)
开始获取东东健康社区配置文件

共1个京东账号

您提供了0个账号的东东健康社区助力码


******开始【京东账号1】***************

由于您第1个京东账号未提供shareCode,将采纳本脚本自带的助力码

开始
"Response code 403 (Forbidden)"
东东健康社区 health/read API请求失败，请检查网路重试
第1个京东账号将要助力的好友["T022u_x3QRke_EnVIR_wnPEIcQCjVfnoaW5kRrbA","T012a1zrlZeWI-dHCjVfnoaW5kRrbA","T0205KkcHkJujwKkXXy9wK9NCjVfnoaW5kRrbA","T008anflPGF_CjVfnoaW5kRrbA","T019-akPFF1AnyqCW0yx_ogCjVfnoaW5kRrbA"]
任务完成失败：{"code":-30001,"msg":"登陆失败"}
去助力好友T022u_x3QRke_EnVIR_wnPEIcQCjVfnoaW5kRrbA
任务完成失败：{"code":-30001,"msg":"登陆失败"}
去助力好友T012a1zrlZeWI-dHCjVfnoaW5kRrbA
任务完成失败：{"code":-30001,"msg":"登陆失败"}
去助力好友T0205KkcHkJujwKkXXy9wK9NCjVfnoaW5kRrbA
任务完成失败：{"code":-30001,"msg":"登陆失败"}
去助力好友T008anflPGF_CjVfnoaW5kRrbA
任务完成失败：{"code":-30001,"msg":"登陆失败"}
去助力好友T019-akPFF1AnyqCW0yx_ogCjVfnoaW5kRrbA
任务完成失败：{"code":-30001,"msg":"登陆失败"}
undefined任务，完成次数：undefined/undefined

==============📣系统通知📣==============
东东健康社区
京东账号1 ******
本次获得0健康值，累计0健康值


🔔东东健康社区, 结束! 🕛 6.836 秒

