
🔔京东多合一签到, 开始!

====================共1个京东账号Cookie=========

==================脚本执行- 北京时间(UTC+8)：2022/6/29 上午9:06:29=====================

JD_DailyBonus.js文件下载完毕


*****************开始京东账号1 ******京豆签到*******************

开始替换变量
替换变量完毕

开始执行 京东多合一签到 签到，请稍等...

👇👇👇👇👇👇👇👇👇👇👇签到详情👇👇👇👇👇👇👇👇👇👇👇
京东CookieJD开始迁移!

京东转盘Cookie失效 

京东现金-红包签到失败 

京东商城-京豆Cookie失效 

京东商城-超市签到失败 

京东魔方-尝试查询活动(2) 

京东商城-摇一摇签到失败 

京东秒杀-红包查询失败 

京东商城-闪购签到失败 

京东商城-现金签到失败 

京东商城-金贴签到失败 

京东魔方-尝试查询活动(1) 

京东魔方-尝试查询活动(null) 

京东商城-魔方签到失败 

京东商城-陪伴二次查询

京东商城-女装二次查询

京东商城-数码关注店铺

京东商城-数码 >> 可能需要拼图验证, 跳过签到 ⚠️

京东金贴-双签签到失败 

京东商城-图书二次查询

京东商城-鞋靴二次查询

京东商城-内衣二次查询

京东商城-童装二次查询

京东商城-母婴二次查询

京东商城-母婴关注店铺

京东商城-母婴 >> 可能需要拼图验证, 跳过签到 ⚠️

京东手机-小时二次查询

京东商城-服饰二次查询

京东商城-校园二次查询

京东拍拍-二手二次查询

京东失眠-补贴二次查询

京东商城-个护关注店铺

京东商城-个护 >> 可能需要拼图验证, 跳过签到 ⚠️

京东商城-家电二次查询

京东商城-清洁二次查询

京东商城-健康关注店铺

京东商城-健康 >> 可能需要拼图验证, 跳过签到 ⚠️

京东商城-菜场二次查询

京东商城-箱包二次查询

金融京豆-双签签到失败 

京东-总现金查询失败 

京东-总红包查询失败 

京东-总京豆查询失败 

京东-总金贴查询失败 

京东-总钢镚查询失败 


【签到概览】:  失败30个
【账号总计】:  获取失败
【其他总计】:  获取失败

京东商城-京豆: 失败, 原因: Cookie失效‼️
京东商城-超市: 失败, 原因: Cookie失效‼️
京东金融-钢镚: 失败, 未获取签到Body ⚠️
京东商城-转盘: 失败, 原因: Cookie失效‼️
京东商城-闪购: 失败, 原因: 未知 ⚠️
京东现金-红包: 失败, 原因: 未知 ⚠️
京东商城-魔方: 失败, 原因: Cookie失效‼️
京东商城-金贴: 失败, 原因: Cookie失效‼️
京东商城-现金: 失败, 原因: Cookie失效‼️
京东商城-摇摇: 失败, 原因: Cookie失效‼️
京东秒杀-红包: 失败, 原因: Cookie失效‼️
京东商城-内衣: 失败, 不含活动数据 ⚠️
京东商城-卡包: 失败, 不含活动数据 ⚠️
京东商城-陪伴: 失败, 不含活动数据 ⚠️
京东商城-鞋靴: 失败, 不含活动数据 ⚠️
京东商城-童装: 失败, 不含活动数据 ⚠️
京东商城-女装: 失败, 不含活动数据 ⚠️
京东商城-图书: 失败, 不含活动数据 ⚠️
京东金贴-双签: 失败, 原因: Cookie失效‼️
京东失眠-补贴: 失败, 不含活动数据 ⚠️
京东手机-小时: 失败, 不含活动数据 ⚠️
京东商城-电竞: 失败, 不含活动数据 ⚠️
京东商城-服饰: 失败, 不含活动数据 ⚠️
京东商城-箱包: 失败, 不含活动数据 ⚠️
京东商城-校园: 失败, 不含活动数据 ⚠️
京东拍拍-二手: 失败, 不含活动数据 ⚠️
京东商城-清洁: 失败, 不含活动数据 ⚠️
京东商城-家电: 失败, 不含活动数据 ⚠️
京东商城-菜场: 失败, 不含活动数据 ⚠️
金融京豆-双签: 失败, 原因: Cookie失效‼️

京东魔方-尝试查询活动(2) 

京东现金-红包签到失败 

京东商城-超市签到失败 

京东商城-闪购签到失败 

京东商城-现金签到失败 

京东商城-摇一摇签到失败 

京东转盘Cookie失效 

京东秒杀-红包查询失败 

京东商城-京豆Cookie失效 

京东商城-金贴签到失败 

京东魔方-尝试查询活动(1) 

京东魔方-尝试查询活动(null) 

京东商城-魔方签到失败 

京东商城-陪伴二次查询

京东金贴-双签签到失败 

京东商城-女装二次查询

京东商城-数码关注店铺

京东商城-数码 >> 可能需要拼图验证, 跳过签到 ⚠️

京东商城-图书二次查询

京东商城-鞋靴二次查询

京东商城-童装二次查询

京东商城-母婴二次查询

京东商城-内衣二次查询

京东商城-母婴关注店铺

京东商城-母婴 >> 可能需要拼图验证, 跳过签到 ⚠️

京东商城-服饰二次查询

京东手机-小时二次查询

京东商城-校园二次查询

京东商城-个护关注店铺

京东商城-个护 >> 可能需要拼图验证, 跳过签到 ⚠️

京东失眠-补贴二次查询

京东拍拍-二手二次查询

京东商城-清洁二次查询

京东商城-家电二次查询

京东商城-箱包二次查询

京东商城-菜场二次查询

京东商城-健康关注店铺

京东商城-健康 >> 可能需要拼图验证, 跳过签到 ⚠️

金融京豆-双签签到失败 

京东-总红包查询失败 

京东-总京豆查询失败 

京东-总现金查询失败 

京东-总金贴查询失败 

京东-总钢镚查询失败 


【签到号二】:  lanxii (CK失效‼️)
【签到概览】:  失败30个
【账号总计】:  获取失败
【其他总计】:  获取失败

京东商城-京豆: 失败, 原因: Cookie失效‼️
京东商城-超市: 失败, 原因: Cookie失效‼️
京东金融-钢镚: 失败, 未获取签到Body ⚠️
京东商城-转盘: 失败, 原因: Cookie失效‼️
京东商城-闪购: 失败, 原因: 未知 ⚠️
京东现金-红包: 失败, 原因: 未知 ⚠️
京东商城-魔方: 失败, 原因: Cookie失效‼️
京东商城-金贴: 失败, 原因: Cookie失效‼️
京东商城-现金: 失败, 原因: Cookie失效‼️
京东商城-摇摇: 失败, 原因: Cookie失效‼️
京东秒杀-红包: 失败, 原因: Cookie失效‼️
京东商城-内衣: 失败, 不含活动数据 ⚠️
京东商城-卡包: 失败, 不含活动数据 ⚠️
京东商城-陪伴: 失败, 不含活动数据 ⚠️
京东商城-鞋靴: 失败, 不含活动数据 ⚠️
京东商城-童装: 失败, 不含活动数据 ⚠️
京东商城-女装: 失败, 不含活动数据 ⚠️
京东商城-图书: 失败, 不含活动数据 ⚠️
京东金贴-双签: 失败, 原因: Cookie失效‼️
京东失眠-补贴: 失败, 不含活动数据 ⚠️
京东手机-小时: 失败, 不含活动数据 ⚠️
京东商城-电竞: 失败, 不含活动数据 ⚠️
京东商城-服饰: 失败, 不含活动数据 ⚠️
京东商城-箱包: 失败, 不含活动数据 ⚠️
京东商城-校园: 失败, 不含活动数据 ⚠️
京东拍拍-二手: 失败, 不含活动数据 ⚠️
京东商城-清洁: 失败, 不含活动数据 ⚠️
京东商城-家电: 失败, 不含活动数据 ⚠️
京东商城-菜场: 失败, 不含活动数据 ⚠️
金融京豆-双签: 失败, 原因: Cookie失效‼️

签到用时: 9.42 秒

👆👆👆👆👆👆👆👆👆签到详情👆👆👆👆👆👆👆👆👆👆👆


*****************2022/6/29 09:09:06 京东账号1 ****** 京东多合一签到完成*******************



==============📣系统通知📣==============
京东多合一签到
【京东号 1】: ******
【签到时间】:  2022/6/29 09:09:06
【签到概览】:  失败30个
【账号总计】:  获取失败
【其他总计】:  获取失败


您未提供server酱的SCKEY，取消微信推送消息通知🚫

您未提供push+推送所需的PUSH_PLUS_TOKEN，取消push+推送消息通知🚫

您未提供Bark的APP推送BARK_PUSH，取消Bark推送消息通知🚫

您未提供telegram机器人推送所需的TG_BOT_TOKEN和TG_USER_ID，取消telegram推送消息通知🚫

您未提供钉钉机器人推送所需的DD_BOT_TOKEN或者DD_BOT_SECRET，取消钉钉推送消息通知🚫

您未提供企业微信应用消息推送所需的QYWX_AM，取消企业微信应用消息推送消息通知🚫

您未提供iGot的推送IGOT_PUSH_KEY，取消iGot推送消息通知🚫

企业微信发送通知消息成功🎉。


🔔京东多合一签到, 结束! 🕛 157.364 秒

