
🔔京东快递签到, 开始!

====================共1个京东账号Cookie=========

==================脚本执行- 北京时间(UTC+8)：2022/6/26 上午7:36:14=====================


******开始【京东账号1】***************

"Response code 401 (Unauthorized)"
<ref *2> IncomingMessage {
  _readableState: ReadableState {
    objectMode: false,
    highWaterMark: 16384,
    buffer: BufferList { head: null, tail: null, length: 0 },
    length: 0,
    pipes: [],
    flowing: false,
    ended: true,
    endEmitted: true,
    reading: false,
    sync: false,
    needReadable: false,
    emittedReadable: false,
    readableListening: true,
    resumeScheduled: false,
    errorEmitted: false,
    emitClose: true,
    autoDestroy: false,
    destroyed: false,
    errored: null,
    closed: false,
    closeEmitted: false,
    defaultEncoding: 'utf8',
    awaitDrainWriters: null,
    multiAwaitDrain: false,
    readingMore: false,
    decoder: null,
    encoding: null,
    [Symbol(kPaused)]: null
  },
  _events: [Object: null prototype] {
    end: [Function: responseOnEnd],
    aborted: [ [Function], [Function] ],
    error: [Function: bound onceWrapper] { listener: [Function (anonymous)] },
    readable: [Function (anonymous)]
  },
  _eventsCount: 4,
  _maxListeners: undefined,
  socket: <ref *1> TLSSocket {
    _tlsOptions: {
      allowHalfOpen: undefined,
      pipe: false,
      secureContext: [SecureContext],
      isServer: false,
      requestCert: true,
      rejectUnauthorized: true,
      session: undefined,
      ALPNProtocols: undefined,
      requestOCSP: undefined,
      enableTrace: undefined,
      pskCallback: undefined,
      highWaterMark: undefined
    },
    _secureEstablished: true,
    _securePending: false,
    _newSessionPending: false,
    _controlReleased: true,
    secureConnecting: false,
    _SNICallback: null,
    servername: 'lop-proxy.jd.com',
    alpnProtocol: false,
    authorized: true,
    authorizationError: null,
    encrypted: true,
    _events: [Object: null prototype] {
      close: [Array],
      end: [Function: onReadableStreamEnd],
      newListener: [Function: keylogNewListener],
      secure: [Function: onConnectSecure],
      session: [Function (anonymous)],
      free: [Function: onFree],
      timeout: [Function: onTimeout],
      agentRemove: [Function: onRemove],
      error: [Function: socketErrorListener],
      finish: [Function]
    },
    _eventsCount: 10,
    connecting: false,
    _hadError: false,
    _parent: null,
    _host: 'lop-proxy.jd.com',
    _readableState: ReadableState {
      objectMode: false,
      highWaterMark: 16384,
      buffer: BufferList { head: null, tail: null, length: 0 },
      length: 0,
      pipes: [],
      flowing: true,
      ended: false,
      endEmitted: false,
      reading: true,
      sync: false,
      needReadable: true,
      emittedReadable: false,
      readableListening: false,
      resumeScheduled: false,
      errorEmitted: false,
      emitClose: false,
      autoDestroy: false,
      destroyed: false,
      errored: null,
      closed: false,
      closeEmitted: false,
      defaultEncoding: 'utf8',
      awaitDrainWriters: null,
      multiAwaitDrain: false,
      readingMore: false,
      decoder: null,
      encoding: null,
      [Symbol(kPaused)]: false
    },
    _maxListeners: undefined,
    _writableState: WritableState {
      objectMode: false,
      highWaterMark: 16384,
      finalCalled: true,
      needDrain: false,
      ending: true,
      ended: true,
      finished: false,
      destroyed: false,
      decodeStrings: false,
      defaultEncoding: 'utf8',
      length: 0,
      writing: false,
      corked: 0,
      sync: false,
      bufferProcessing: false,
      onwrite: [Function: bound onwrite],
      writecb: null,
      writelen: 0,
      afterWriteTickInfo: null,
      buffered: [],
      bufferedIndex: 0,
      allBuffers: true,
      allNoop: true,
      pendingcb: 1,
      prefinished: false,
      errorEmitted: false,
      emitClose: false,
      autoDestroy: false,
      errored: null,
      closed: false,
      closeEmitted: false,
      writable: true
    },
    allowHalfOpen: false,
    _sockname: null,
    _pendingData: null,
    _pendingEncoding: '',
    server: undefined,
    _server: null,
    ssl: TLSWrap {
      _parent: [TCP],
      _parentWrap: undefined,
      _secureContext: [SecureContext],
      reading: true,
      onkeylog: [Function: onkeylog],
      onhandshakestart: [Function: noop],
      onhandshakedone: [Function (anonymous)],
      onocspresponse: [Function: onocspresponse],
      onnewsession: [Function: onnewsessionclient],
      onerror: [Function: onerror],
      [Symbol(owner_symbol)]: [Circular *1]
    },
    _requestCert: true,
    _rejectUnauthorized: true,
    parser: null,
    _httpMessage: ClientRequest {
      _events: [Object: null prototype],
      _eventsCount: 10,
      _maxListeners: undefined,
      outputData: [],
      outputSize: 0,
      writable: true,
      destroyed: false,
      _last: true,
      chunkedEncoding: false,
      shouldKeepAlive: false,
      _defaultKeepAlive: true,
      useChunkedEncodingByDefault: true,
      sendDate: false,
      _removedConnection: false,
      _removedContLen: false,
      _removedTE: false,
      _contentLength: null,
      _hasBody: true,
      _trailer: '',
      finished: true,
      _headerSent: true,
      socket: [Circular *1],
      _header: 'POST /jiFenApi/signInAndGetReward HTTP/1.1\r\n' +
        'user-agent: jdapp;android;10.1.0;11;network/wifi;Mozilla/5.0 (Linux; Android 11; Redmi K20 Pro Premium Edition Build/RKQ1.200826.002; wv) AppleWebKit/537.36 (KHTML, like Gecko) Version/4.0 Chrome/77.0.3865.120 MQQBrowser/6.2 TBS/045513 Mobile Safari/537.36\r\n' +
        'uuid: 16562001760243312400352048\r\n' +
        'host: lop-proxy.jd.com\r\n' +
        'lop-dn: jingcai.jd.com\r\n' +
        'biz-type: service-monitor\r\n' +
        'app-key: jexpress\r\n' +
        'access: H5\r\n' +
        'content-type: application/x-www-form-urlencoded\r\n' +
        'accept-encoding: gzip, deflate, br\r\n' +
        'clientinfo: {"appName":"jingcai","client":"m"}\r\n' +
        'accept: application/json, text/plain, */*\r\n' +
        'jexpress-report-time: 1656200176024\r\n' +
        'x-requested-with: XMLHttpRequest\r\n' +
        'source-client: 2\r\n' +
        'appparams: {"appid":158,"ticket_type":"m"}\r\n' +
        'version: 1.0.0\r\n' +
        'origin: https://jingcai-h5.jd.com\r\n' +
        'sec-fetch-site: same-site\r\n' +
        'sec-fetch-mode: cors\r\n' +
        'sec-fetch-dest: empty\r\n' +
        'referer: https://jingcai-h5.jd.com/\r\n' +
        'accept-language: zh-CN,zh-Hans;q=0.9\r\n' +
        'cookie: pt_key=fake_EB270sWY0JGRobeQAd3s57uCizTPJRfn;pt_pin=%2A%2A%2A%2A%2A%2A;\r\n' +
        'content-length: 33\r\n' +
        'Connection: close\r\n' +
        '\r\n',
      _keepAliveTimeout: 0,
      _onPendingData: [Function: noopPendingOutput],
      agent: [Agent],
      socketPath: undefined,
      method: 'POST',
      maxHeaderSize: undefined,
      insecureHTTPParser: undefined,
      path: '/jiFenApi/signInAndGetReward',
      _ended: true,
      res: [Circular *2],
      aborted: false,
      timeoutCb: null,
      upgradeOrConnect: false,
      parser: null,
      maxHeadersCount: null,
      reusedSocket: false,
      host: 'lop-proxy.jd.com',
      protocol: 'https:',
      timings: [Object],
      emit: [Function (anonymous)],
      [Symbol(kCapture)]: false,
      [Symbol(kNeedDrain)]: false,
      [Symbol(corked)]: 0,
      [Symbol(kOutHeaders)]: [Object: null prototype],
      [Symbol(reentry)]: true
    },
    _peername: { address: '111.13.25.51', family: 'IPv4', port: 443 },
    [Symbol(res)]: TLSWrap {
      _parent: [TCP],
      _parentWrap: undefined,
      _secureContext: [SecureContext],
      reading: true,
      onkeylog: [Function: onkeylog],
      onhandshakestart: [Function: noop],
      onhandshakedone: [Function (anonymous)],
      onocspresponse: [Function: onocspresponse],
      onnewsession: [Function: onnewsessionclient],
      onerror: [Function: onerror],
      [Symbol(owner_symbol)]: [Circular *1]
    },
    [Symbol(verified)]: true,
    [Symbol(pendingSession)]: null,
    [Symbol(async_id_symbol)]: 32,
    [Symbol(kHandle)]: TLSWrap {
      _parent: [TCP],
      _parentWrap: undefined,
      _secureContext: [SecureContext],
      reading: true,
      onkeylog: [Function: onkeylog],
      onhandshakestart: [Function: noop],
      onhandshakedone: [Function (anonymous)],
      onocspresponse: [Function: onocspresponse],
      onnewsession: [Function: onnewsessionclient],
      onerror: [Function: onerror],
      [Symbol(owner_symbol)]: [Circular *1]
    },
    [Symbol(kSetNoDelay)]: false,
    [Symbol(lastWriteQueueSize)]: 0,
    [Symbol(timeout)]: null,
    [Symbol(kBuffer)]: null,
    [Symbol(kBufferCb)]: null,
    [Symbol(kBufferGen)]: null,
    [Symbol(kCapture)]: false,
    [Symbol(kBytesRead)]: 0,
    [Symbol(kBytesWritten)]: 0,
    [Symbol(connect-options)]: {
      rejectUnauthorized: true,
      ciphers: 'TLS_AES_256_GCM_SHA384:TLS_CHACHA20_POLY1305_SHA256:TLS_AES_128_GCM_SHA256:ECDHE-RSA-AES128-GCM-SHA256:ECDHE-ECDSA-AES128-GCM-SHA256:ECDHE-RSA-AES256-GCM-SHA384:ECDHE-ECDSA-AES256-GCM-SHA384:DHE-RSA-AES128-GCM-SHA256:ECDHE-RSA-AES128-SHA256:DHE-RSA-AES128-SHA256:ECDHE-RSA-AES256-SHA384:DHE-RSA-AES256-SHA384:ECDHE-RSA-AES256-SHA256:DHE-RSA-AES256-SHA256:HIGH:!aNULL:!eNULL:!EXPORT:!DES:!RC4:!MD5:!PSK:!SRP:!CAMELLIA',
      checkServerIdentity: [Function: checkServerIdentity],
      minDHSize: 1024,
      protocol: 'https:',
      hostname: 'lop-proxy.jd.com',
      hash: '',
      search: '',
      pathname: '/jiFenApi/signInAndGetReward',
      path: null,
      href: 'https://lop-proxy.jd.com/jiFenApi/signInAndGetReward',
      method: 'POST',
      retry: [Object],
      headers: [Object],
      hooks: [Object],
      cache: undefined,
      dnsCache: undefined,
      decompress: true,
      throwHttpErrors: true,
      followRedirect: true,
      isStream: false,
      responseType: 'text',
      resolveBodyOnly: false,
      maxRedirects: 10,
      prefixUrl: '',
      methodRewriting: true,
      ignoreInvalidCookies: false,
      http2: false,
      allowGetBody: false,
      https: undefined,
      pagination: [Object],
      parseJson: [Function: parseJson],
      stringifyJson: [Function: stringifyJson],
      cacheOptions: {},
      url: [URL],
      username: '',
      password: '',
      shared: undefined,
      cacheHeuristic: undefined,
      immutableMinTimeToLive: undefined,
      ignoreCargoCult: undefined,
      _defaultAgent: [Agent],
      port: 443,
      host: 'lop-proxy.jd.com',
      servername: 'lop-proxy.jd.com',
      _agentKey: 'lop-proxy.jd.com:443:::::::::::::::::::::',
      encoding: null,
      singleUse: true,
      [Symbol(isNormalizedAlready)]: true,
      [Symbol(request)]: [Function: request]
    },
    [Symbol(RequestTimeout)]: undefined
  },
  httpVersionMajor: 1,
  httpVersionMinor: 1,
  httpVersion: '1.1',
  complete: true,
  headers: {
    date: 'Sat, 25 Jun 2022 23:36:15 GMT',
    'content-type': 'application/json; charset=utf-8',
    'transfer-encoding': 'chunked',
    connection: 'close',
    'access-control-allow-origin': 'https://jingcai-h5.jd.com',
    'access-control-allow-credentials': 'true',
    'lop-trace-id': '15b3e16bdec4036820125f3a94c5513a',
    server: 'jfe',
    'strict-transport-security': 'max-age=86400'
  },
  rawHeaders: [
    'Date',
    'Sat, 25 Jun 2022 23:36:15 GMT',
    'Content-Type',
    'application/json; charset=utf-8',
    'Transfer-Encoding',
    'chunked',
    'Connection',
    'close',
    'Access-Control-Allow-Origin',
    'https://jingcai-h5.jd.com',
    'Access-Control-Allow-Credentials',
    'true',
    'Lop-Trace-Id',
    '15b3e16bdec4036820125f3a94c5513a',
    'Server',
    'jfe',
    'Strict-Transport-Security',
    'max-age=86400'
  ],
  trailers: {},
  rawTrailers: [],
  aborted: false,
  upgrade: false,
  url: 'https://lop-proxy.jd.com/jiFenApi/signInAndGetReward',
  method: null,
  statusCode: 401,
  statusMessage: 'Unauthorized',
  client: <ref *1> TLSSocket {
    _tlsOptions: {
      allowHalfOpen: undefined,
      pipe: false,
      secureContext: [SecureContext],
      isServer: false,
      requestCert: true,
      rejectUnauthorized: true,
      session: undefined,
      ALPNProtocols: undefined,
      requestOCSP: undefined,
      enableTrace: undefined,
      pskCallback: undefined,
      highWaterMark: undefined
    },
    _secureEstablished: true,
    _securePending: false,
    _newSessionPending: false,
    _controlReleased: true,
    secureConnecting: false,
    _SNICallback: null,
    servername: 'lop-proxy.jd.com',
    alpnProtocol: false,
    authorized: true,
    authorizationError: null,
    encrypted: true,
    _events: [Object: null prototype] {
      close: [Array],
      end: [Function: onReadableStreamEnd],
      newListener: [Function: keylogNewListener],
      secure: [Function: onConnectSecure],
      session: [Function (anonymous)],
      free: [Function: onFree],
      timeout: [Function: onTimeout],
      agentRemove: [Function: onRemove],
      error: [Function: socketErrorListener],
      finish: [Function]
    },
    _eventsCount: 10,
    connecting: false,
    _hadError: false,
    _parent: null,
    _host: 'lop-proxy.jd.com',
    _readableState: ReadableState {
      objectMode: false,
      highWaterMark: 16384,
      buffer: BufferList { head: null, tail: null, length: 0 },
      length: 0,
      pipes: [],
      flowing: true,
      ended: false,
      endEmitted: false,
      reading: true,
      sync: false,
      needReadable: true,
      emittedReadable: false,
      readableListening: false,
      resumeScheduled: false,
      errorEmitted: false,
      emitClose: false,
      autoDestroy: false,
      destroyed: false,
      errored: null,
      closed: false,
      closeEmitted: false,
      defaultEncoding: 'utf8',
      awaitDrainWriters: null,
      multiAwaitDrain: false,
      readingMore: false,
      decoder: null,
      encoding: null,
      [Symbol(kPaused)]: false
    },
    _maxListeners: undefined,
    _writableState: WritableState {
      objectMode: false,
      highWaterMark: 16384,
      finalCalled: true,
      needDrain: false,
      ending: true,
      ended: true,
      finished: false,
      destroyed: false,
      decodeStrings: false,
      defaultEncoding: 'utf8',
      length: 0,
      writing: false,
      corked: 0,
      sync: false,
      bufferProcessing: false,
      onwrite: [Function: bound onwrite],
      writecb: null,
      writelen: 0,
      afterWriteTickInfo: null,
      buffered: [],
      bufferedIndex: 0,
      allBuffers: true,
      allNoop: true,
      pendingcb: 1,
      prefinished: false,
      errorEmitted: false,
      emitClose: false,
      autoDestroy: false,
      errored: null,
      closed: false,
      closeEmitted: false,
      writable: true
    },
    allowHalfOpen: false,
    _sockname: null,
    _pendingData: null,
    _pendingEncoding: '',
    server: undefined,
    _server: null,
    ssl: TLSWrap {
      _parent: [TCP],
      _parentWrap: undefined,
      _secureContext: [SecureContext],
      reading: true,
      onkeylog: [Function: onkeylog],
      onhandshakestart: [Function: noop],
      onhandshakedone: [Function (anonymous)],
      onocspresponse: [Function: onocspresponse],
      onnewsession: [Function: onnewsessionclient],
      onerror: [Function: onerror],
      [Symbol(owner_symbol)]: [Circular *1]
    },
    _requestCert: true,
    _rejectUnauthorized: true,
    parser: null,
    _httpMessage: ClientRequest {
      _events: [Object: null prototype],
      _eventsCount: 10,
      _maxListeners: undefined,
      outputData: [],
      outputSize: 0,
      writable: true,
      destroyed: false,
      _last: true,
      chunkedEncoding: false,
      shouldKeepAlive: false,
      _defaultKeepAlive: true,
      useChunkedEncodingByDefault: true,
      sendDate: false,
      _removedConnection: false,
      _removedContLen: false,
      _removedTE: false,
      _contentLength: null,
      _hasBody: true,
      _trailer: '',
      finished: true,
      _headerSent: true,
      socket: [Circular *1],
      _header: 'POST /jiFenApi/signInAndGetReward HTTP/1.1\r\n' +
        'user-agent: jdapp;android;10.1.0;11;network/wifi;Mozilla/5.0 (Linux; Android 11; Redmi K20 Pro Premium Edition Build/RKQ1.200826.002; wv) AppleWebKit/537.36 (KHTML, like Gecko) Version/4.0 Chrome/77.0.3865.120 MQQBrowser/6.2 TBS/045513 Mobile Safari/537.36\r\n' +
        'uuid: 16562001760243312400352048\r\n' +
        'host: lop-proxy.jd.com\r\n' +
        'lop-dn: jingcai.jd.com\r\n' +
        'biz-type: service-monitor\r\n' +
        'app-key: jexpress\r\n' +
        'access: H5\r\n' +
        'content-type: application/x-www-form-urlencoded\r\n' +
        'accept-encoding: gzip, deflate, br\r\n' +
        'clientinfo: {"appName":"jingcai","client":"m"}\r\n' +
        'accept: application/json, text/plain, */*\r\n' +
        'jexpress-report-time: 1656200176024\r\n' +
        'x-requested-with: XMLHttpRequest\r\n' +
        'source-client: 2\r\n' +
        'appparams: {"appid":158,"ticket_type":"m"}\r\n' +
        'version: 1.0.0\r\n' +
        'origin: https://jingcai-h5.jd.com\r\n' +
        'sec-fetch-site: same-site\r\n' +
        'sec-fetch-mode: cors\r\n' +
        'sec-fetch-dest: empty\r\n' +
        'referer: https://jingcai-h5.jd.com/\r\n' +
        'accept-language: zh-CN,zh-Hans;q=0.9\r\n' +
        'cookie: pt_key=fake_EB270sWY0JGRobeQAd3s57uCizTPJRfn;pt_pin=%2A%2A%2A%2A%2A%2A;\r\n' +
        'content-length: 33\r\n' +
        'Connection: close\r\n' +
        '\r\n',
      _keepAliveTimeout: 0,
      _onPendingData: [Function: noopPendingOutput],
      agent: [Agent],
      socketPath: undefined,
      method: 'POST',
      maxHeaderSize: undefined,
      insecureHTTPParser: undefined,
      path: '/jiFenApi/signInAndGetReward',
      _ended: true,
      res: [Circular *2],
      aborted: false,
      timeoutCb: null,
      upgradeOrConnect: false,
      parser: null,
      maxHeadersCount: null,
      reusedSocket: false,
      host: 'lop-proxy.jd.com',
      protocol: 'https:',
      timings: [Object],
      emit: [Function (anonymous)],
      [Symbol(kCapture)]: false,
      [Symbol(kNeedDrain)]: false,
      [Symbol(corked)]: 0,
      [Symbol(kOutHeaders)]: [Object: null prototype],
      [Symbol(reentry)]: true
    },
    _peername: { address: '111.13.25.51', family: 'IPv4', port: 443 },
    [Symbol(res)]: TLSWrap {
      _parent: [TCP],
      _parentWrap: undefined,
      _secureContext: [SecureContext],
      reading: true,
      onkeylog: [Function: onkeylog],
      onhandshakestart: [Function: noop],
      onhandshakedone: [Function (anonymous)],
      onocspresponse: [Function: onocspresponse],
      onnewsession: [Function: onnewsessionclient],
      onerror: [Function: onerror],
      [Symbol(owner_symbol)]: [Circular *1]
    },
    [Symbol(verified)]: true,
    [Symbol(pendingSession)]: null,
    [Symbol(async_id_symbol)]: 32,
    [Symbol(kHandle)]: TLSWrap {
      _parent: [TCP],
      _parentWrap: undefined,
      _secureContext: [SecureContext],
      reading: true,
      onkeylog: [Function: onkeylog],
      onhandshakestart: [Function: noop],
      onhandshakedone: [Function (anonymous)],
      onocspresponse: [Function: onocspresponse],
      onnewsession: [Function: onnewsessionclient],
      onerror: [Function: onerror],
      [Symbol(owner_symbol)]: [Circular *1]
    },
    [Symbol(kSetNoDelay)]: false,
    [Symbol(lastWriteQueueSize)]: 0,
    [Symbol(timeout)]: null,
    [Symbol(kBuffer)]: null,
    [Symbol(kBufferCb)]: null,
    [Symbol(kBufferGen)]: null,
    [Symbol(kCapture)]: false,
    [Symbol(kBytesRead)]: 0,
    [Symbol(kBytesWritten)]: 0,
    [Symbol(connect-options)]: {
      rejectUnauthorized: true,
      ciphers: 'TLS_AES_256_GCM_SHA384:TLS_CHACHA20_POLY1305_SHA256:TLS_AES_128_GCM_SHA256:ECDHE-RSA-AES128-GCM-SHA256:ECDHE-ECDSA-AES128-GCM-SHA256:ECDHE-RSA-AES256-GCM-SHA384:ECDHE-ECDSA-AES256-GCM-SHA384:DHE-RSA-AES128-GCM-SHA256:ECDHE-RSA-AES128-SHA256:DHE-RSA-AES128-SHA256:ECDHE-RSA-AES256-SHA384:DHE-RSA-AES256-SHA384:ECDHE-RSA-AES256-SHA256:DHE-RSA-AES256-SHA256:HIGH:!aNULL:!eNULL:!EXPORT:!DES:!RC4:!MD5:!PSK:!SRP:!CAMELLIA',
      checkServerIdentity: [Function: checkServerIdentity],
      minDHSize: 1024,
      protocol: 'https:',
      hostname: 'lop-proxy.jd.com',
      hash: '',
      search: '',
      pathname: '/jiFenApi/signInAndGetReward',
      path: null,
      href: 'https://lop-proxy.jd.com/jiFenApi/signInAndGetReward',
      method: 'POST',
      retry: [Object],
      headers: [Object],
      hooks: [Object],
      cache: undefined,
      dnsCache: undefined,
      decompress: true,
      throwHttpErrors: true,
      followRedirect: true,
      isStream: false,
      responseType: 'text',
      resolveBodyOnly: false,
      maxRedirects: 10,
      prefixUrl: '',
      methodRewriting: true,
      ignoreInvalidCookies: false,
      http2: false,
      allowGetBody: false,
      https: undefined,
      pagination: [Object],
      parseJson: [Function: parseJson],
      stringifyJson: [Function: stringifyJson],
      cacheOptions: {},
      url: [URL],
      username: '',
      password: '',
      shared: undefined,
      cacheHeuristic: undefined,
      immutableMinTimeToLive: undefined,
      ignoreCargoCult: undefined,
      _defaultAgent: [Agent],
      port: 443,
      host: 'lop-proxy.jd.com',
      servername: 'lop-proxy.jd.com',
      _agentKey: 'lop-proxy.jd.com:443:::::::::::::::::::::',
      encoding: null,
      singleUse: true,
      [Symbol(isNormalizedAlready)]: true,
      [Symbol(request)]: [Function: request]
    },
    [Symbol(RequestTimeout)]: undefined
  },
  _consuming: true,
  _dumped: false,
  req: <ref *3> ClientRequest {
    _events: [Object: null prototype] {
      abort: [Function],
      socket: [Function (anonymous)],
      error: [Array],
      close: [Function],
      connect: [Function (anonymous)],
      continue: [Function (anonymous)],
      information: [Function (anonymous)],
      upgrade: [Function (anonymous)],
      timeout: [Function (anonymous)],
      prefinish: [Function: requestOnPrefinish]
    },
    _eventsCount: 10,
    _maxListeners: undefined,
    outputData: [],
    outputSize: 0,
    writable: true,
    destroyed: false,
    _last: true,
    chunkedEncoding: false,
    shouldKeepAlive: false,
    _defaultKeepAlive: true,
    useChunkedEncodingByDefault: true,
    sendDate: false,
    _removedConnection: false,
    _removedContLen: false,
    _removedTE: false,
    _contentLength: null,
    _hasBody: true,
    _trailer: '',
    finished: true,
    _headerSent: true,
    socket: <ref *1> TLSSocket {
      _tlsOptions: [Object],
      _secureEstablished: true,
      _securePending: false,
      _newSessionPending: false,
      _controlReleased: true,
      secureConnecting: false,
      _SNICallback: null,
      servername: 'lop-proxy.jd.com',
      alpnProtocol: false,
      authorized: true,
      authorizationError: null,
      encrypted: true,
      _events: [Object: null prototype],
      _eventsCount: 10,
      connecting: false,
      _hadError: false,
      _parent: null,
      _host: 'lop-proxy.jd.com',
      _readableState: [ReadableState],
      _maxListeners: undefined,
      _writableState: [WritableState],
      allowHalfOpen: false,
      _sockname: null,
      _pendingData: null,
      _pendingEncoding: '',
      server: undefined,
      _server: null,
      ssl: [TLSWrap],
      _requestCert: true,
      _rejectUnauthorized: true,
      parser: null,
      _httpMessage: [Circular *3],
      _peername: [Object],
      [Symbol(res)]: [TLSWrap],
      [Symbol(verified)]: true,
      [Symbol(pendingSession)]: null,
      [Symbol(async_id_symbol)]: 32,
      [Symbol(kHandle)]: [TLSWrap],
      [Symbol(kSetNoDelay)]: false,
      [Symbol(lastWriteQueueSize)]: 0,
      [Symbol(timeout)]: null,
      [Symbol(kBuffer)]: null,
      [Symbol(kBufferCb)]: null,
      [Symbol(kBufferGen)]: null,
      [Symbol(kCapture)]: false,
      [Symbol(kBytesRead)]: 0,
      [Symbol(kBytesWritten)]: 0,
      [Symbol(connect-options)]: [Object],
      [Symbol(RequestTimeout)]: undefined
    },
    _header: 'POST /jiFenApi/signInAndGetReward HTTP/1.1\r\n' +
      'user-agent: jdapp;android;10.1.0;11;network/wifi;Mozilla/5.0 (Linux; Android 11; Redmi K20 Pro Premium Edition Build/RKQ1.200826.002; wv) AppleWebKit/537.36 (KHTML, like Gecko) Version/4.0 Chrome/77.0.3865.120 MQQBrowser/6.2 TBS/045513 Mobile Safari/537.36\r\n' +
      'uuid: 16562001760243312400352048\r\n' +
      'host: lop-proxy.jd.com\r\n' +
      'lop-dn: jingcai.jd.com\r\n' +
      'biz-type: service-monitor\r\n' +
      'app-key: jexpress\r\n' +
      'access: H5\r\n' +
      'content-type: application/x-www-form-urlencoded\r\n' +
      'accept-encoding: gzip, deflate, br\r\n' +
      'clientinfo: {"appName":"jingcai","client":"m"}\r\n' +
      'accept: application/json, text/plain, */*\r\n' +
      'jexpress-report-time: 1656200176024\r\n' +
      'x-requested-with: XMLHttpRequest\r\n' +
      'source-client: 2\r\n' +
      'appparams: {"appid":158,"ticket_type":"m"}\r\n' +
      'version: 1.0.0\r\n' +
      'origin: https://jingcai-h5.jd.com\r\n' +
      'sec-fetch-site: same-site\r\n' +
      'sec-fetch-mode: cors\r\n' +
      'sec-fetch-dest: empty\r\n' +
      'referer: https://jingcai-h5.jd.com/\r\n' +
      'accept-language: zh-CN,zh-Hans;q=0.9\r\n' +
      'cookie: pt_key=fake_EB270sWY0JGRobeQAd3s57uCizTPJRfn;pt_pin=%2A%2A%2A%2A%2A%2A;\r\n' +
      'content-length: 33\r\n' +
      'Connection: close\r\n' +
      '\r\n',
    _keepAliveTimeout: 0,
    _onPendingData: [Function: noopPendingOutput],
    agent: Agent {
      _events: [Object: null prototype],
      _eventsCount: 2,
      _maxListeners: undefined,
      defaultPort: 443,
      protocol: 'https:',
      options: [Object],
      requests: {},
      sockets: [Object],
      freeSockets: {},
      keepAliveMsecs: 1000,
      keepAlive: false,
      maxSockets: Infinity,
      maxFreeSockets: 256,
      scheduling: 'lifo',
      maxTotalSockets: Infinity,
      totalSocketCount: 1,
      maxCachedSessions: 100,
      _sessionCache: [Object],
      [Symbol(kCapture)]: false
    },
    socketPath: undefined,
    method: 'POST',
    maxHeaderSize: undefined,
    insecureHTTPParser: undefined,
    path: '/jiFenApi/signInAndGetReward',
    _ended: true,
    res: [Circular *2],
    aborted: false,
    timeoutCb: null,
    upgradeOrConnect: false,
    parser: null,
    maxHeadersCount: null,
    reusedSocket: false,
    host: 'lop-proxy.jd.com',
    protocol: 'https:',
    timings: {
      start: 1656200176029,
      socket: 1656200176030,
      lookup: 1656200176035,
      connect: 1656200176068,
      secureConnect: 1656200176103,
      upload: 1656200176104,
      response: 1656200176144,
      end: 1656200176145,
      error: undefined,
      abort: undefined,
      phases: [Object]
    },
    emit: [Function (anonymous)],
    [Symbol(kCapture)]: false,
    [Symbol(kNeedDrain)]: false,
    [Symbol(corked)]: 0,
    [Symbol(kOutHeaders)]: [Object: null prototype] {
      'user-agent': [Array],
      uuid: [Array],
      host: [Array],
      'lop-dn': [Array],
      'biz-type': [Array],
      'app-key': [Array],
      access: [Array],
      'content-type': [Array],
      'accept-encoding': [Array],
      clientinfo: [Array],
      accept: [Array],
      'jexpress-report-time': [Array],
      'x-requested-with': [Array],
      'source-client': [Array],
      appparams: [Array],
      version: [Array],
      origin: [Array],
      'sec-fetch-site': [Array],
      'sec-fetch-mode': [Array],
      'sec-fetch-dest': [Array],
      referer: [Array],
      'accept-language': [Array],
      cookie: [Array],
      'content-length': [Array]
    },
    [Symbol(reentry)]: true
  },
  timings: {
    start: 1656200176029,
    socket: 1656200176030,
    lookup: 1656200176035,
    connect: 1656200176068,
    secureConnect: 1656200176103,
    upload: 1656200176104,
    response: 1656200176144,
    end: 1656200176145,
    error: undefined,
    abort: undefined,
    phases: {
      wait: 1,
      dns: 5,
      tcp: 33,
      tls: 35,
      request: 1,
      firstByte: 40,
      download: 1,
      total: 116
    }
  },
  emit: [Function (anonymous)],
  requestUrl: 'https://lop-proxy.jd.com/jiFenApi/signInAndGetReward',
  redirectUrls: [],
  request: Request {
    _readableState: ReadableState {
      objectMode: false,
      highWaterMark: 0,
      buffer: BufferList { head: null, tail: null, length: 0 },
      length: 0,
      pipes: [],
      flowing: false,
      ended: true,
      endEmitted: true,
      reading: false,
      sync: false,
      needReadable: false,
      emittedReadable: false,
      readableListening: true,
      resumeScheduled: false,
      errorEmitted: true,
      emitClose: true,
      autoDestroy: false,
      destroyed: true,
      errored: [HTTPError],
      closed: true,
      closeEmitted: true,
      defaultEncoding: 'utf8',
      awaitDrainWriters: null,
      multiAwaitDrain: false,
      readingMore: false,
      decoder: null,
      encoding: null,
      [Symbol(kPaused)]: null
    },
    _events: [Object: null prototype] {
      pipe: [Array],
      unpipe: [Function (anonymous)],
      response: [Function (anonymous)],
      error: [Function (anonymous)],
      retry: [Function],
      request: [Function (anonymous)],
      redirect: [Function (anonymous)],
      uploadProgress: [Function (anonymous)],
      downloadProgress: [Function (anonymous)],
      resume: [Function (anonymous)],
      pause: [Function (anonymous)],
      readable: [Function: next],
      end: [Function (anonymous)],
      close: [Function (anonymous)]
    },
    _eventsCount: 14,
    _maxListeners: undefined,
    _writableState: WritableState {
      objectMode: false,
      highWaterMark: 0,
      finalCalled: true,
      needDrain: false,
      ending: true,
      ended: true,
      finished: true,
      destroyed: true,
      decodeStrings: true,
      defaultEncoding: 'utf8',
      length: 0,
      writing: false,
      corked: 0,
      sync: true,
      bufferProcessing: false,
      onwrite: [Function: bound onwrite],
      writecb: null,
      writelen: 0,
      afterWriteTickInfo: null,
      buffered: [],
      bufferedIndex: 0,
      allBuffers: true,
      allNoop: true,
      pendingcb: 0,
      prefinished: true,
      errorEmitted: true,
      emitClose: true,
      autoDestroy: false,
      errored: [HTTPError],
      closed: true
    },
    allowHalfOpen: true,
    requestInitialized: true,
    redirects: [],
    retryCount: 0,
    _progressCallbacks: [],
    write: [Function: onLockedWrite],
    end: [Function: onLockedWrite],
    options: {
      method: 'POST',
      retry: [Object],
      headers: [Object],
      hooks: [Object],
      cache: undefined,
      dnsCache: undefined,
      decompress: true,
      throwHttpErrors: true,
      followRedirect: true,
      isStream: false,
      responseType: 'text',
      resolveBodyOnly: false,
      maxRedirects: 10,
      prefixUrl: [Getter/Setter],
      methodRewriting: true,
      ignoreInvalidCookies: false,
      http2: false,
      allowGetBody: false,
      https: undefined,
      pagination: [Object],
      parseJson: [Function: parseJson],
      stringifyJson: [Function: stringifyJson],
      cacheOptions: {},
      url: [URL],
      username: '',
      password: '',
      shared: undefined,
      cacheHeuristic: undefined,
      immutableMinTimeToLive: undefined,
      ignoreCargoCult: undefined,
      request: undefined,
      timeout: {},
      agent: undefined,
      [Symbol(isNormalizedAlready)]: true,
      [Symbol(request)]: [Function: request]
    },
    requestUrl: 'https://lop-proxy.jd.com/jiFenApi/signInAndGetReward',
    _cannotHaveBody: false,
    _noPipe: true,
    [Symbol(kCapture)]: false,
    [Symbol(downloadedSize)]: 135,
    [Symbol(uploadedSize)]: 33,
    [Symbol(serverResponsesPiped)]: Set(0) {},
    [Symbol(stopReading)]: true,
    [Symbol(triggerRead)]: false,
    [Symbol(jobs)]: [],
    [Symbol(body)]: '[{"userNo":"$cooMrdGatewayUid$"}]',
    [Symbol(bodySize)]: 33,
    [Symbol(cancelTimeouts)]: [Function: cancelTimeouts],
    [Symbol(unproxyEvents)]: [Function (anonymous)],
    [Symbol(request)]: <ref *3> ClientRequest {
      _events: [Object: null prototype],
      _eventsCount: 10,
      _maxListeners: undefined,
      outputData: [],
      outputSize: 0,
      writable: true,
      destroyed: false,
      _last: true,
      chunkedEncoding: false,
      shouldKeepAlive: false,
      _defaultKeepAlive: true,
      useChunkedEncodingByDefault: true,
      sendDate: false,
      _removedConnection: false,
      _removedContLen: false,
      _removedTE: false,
      _contentLength: null,
      _hasBody: true,
      _trailer: '',
      finished: true,
      _headerSent: true,
      socket: [TLSSocket],
      _header: 'POST /jiFenApi/signInAndGetReward HTTP/1.1\r\n' +
        'user-agent: jdapp;android;10.1.0;11;network/wifi;Mozilla/5.0 (Linux; Android 11; Redmi K20 Pro Premium Edition Build/RKQ1.200826.002; wv) AppleWebKit/537.36 (KHTML, like Gecko) Version/4.0 Chrome/77.0.3865.120 MQQBrowser/6.2 TBS/045513 Mobile Safari/537.36\r\n' +
        'uuid: 16562001760243312400352048\r\n' +
        'host: lop-proxy.jd.com\r\n' +
        'lop-dn: jingcai.jd.com\r\n' +
        'biz-type: service-monitor\r\n' +
        'app-key: jexpress\r\n' +
        'access: H5\r\n' +
        'content-type: application/x-www-form-urlencoded\r\n' +
        'accept-encoding: gzip, deflate, br\r\n' +
        'clientinfo: {"appName":"jingcai","client":"m"}\r\n' +
        'accept: application/json, text/plain, */*\r\n' +
        'jexpress-report-time: 1656200176024\r\n' +
        'x-requested-with: XMLHttpRequest\r\n' +
        'source-client: 2\r\n' +
        'appparams: {"appid":158,"ticket_type":"m"}\r\n' +
        'version: 1.0.0\r\n' +
        'origin: https://jingcai-h5.jd.com\r\n' +
        'sec-fetch-site: same-site\r\n' +
        'sec-fetch-mode: cors\r\n' +
        'sec-fetch-dest: empty\r\n' +
        'referer: https://jingcai-h5.jd.com/\r\n' +
        'accept-language: zh-CN,zh-Hans;q=0.9\r\n' +
        'cookie: pt_key=fake_EB270sWY0JGRobeQAd3s57uCizTPJRfn;pt_pin=%2A%2A%2A%2A%2A%2A;\r\n' +
        'content-length: 33\r\n' +
        'Connection: close\r\n' +
        '\r\n',
      _keepAliveTimeout: 0,
      _onPendingData: [Function: noopPendingOutput],
      agent: [Agent],
      socketPath: undefined,
      method: 'POST',
      maxHeaderSize: undefined,
      insecureHTTPParser: undefined,
      path: '/jiFenApi/signInAndGetReward',
      _ended: true,
      res: [Circular *2],
      aborted: false,
      timeoutCb: null,
      upgradeOrConnect: false,
      parser: null,
      maxHeadersCount: null,
      reusedSocket: false,
      host: 'lop-proxy.jd.com',
      protocol: 'https:',
      timings: [Object],
      emit: [Function (anonymous)],
      [Symbol(kCapture)]: false,
      [Symbol(kNeedDrain)]: false,
      [Symbol(corked)]: 0,
      [Symbol(kOutHeaders)]: [Object: null prototype],
      [Symbol(reentry)]: true
    },
    [Symbol(originalResponse)]: [Circular *2],
    [Symbol(isFromCache)]: false,
    [Symbol(responseSize)]: 135,
    [Symbol(response)]: [Circular *2],
    [Symbol(startedReading)]: true
  },
  isFromCache: false,
  ip: '111.13.25.51',
  retryCount: 0,
  rawBody: <Buffer 7b 22 65 72 72 6f 72 5f 72 65 73 70 6f 6e 73 65 22 3a 7b 22 65 6e 5f 64 65 73 63 22 3a 22 49 6e 76 61 6c 69 64 20 75 73 65 72 20 6c 6f 67 69 6e 2c 73 ... 85 more bytes>,
  body: '{"error_response":{"en_desc":"Invalid user login,status:0","zh_desc":"用户登录态验证不通过，校验状态码:0","code":143}}\n',
  [Symbol(kCapture)]: false,
  [Symbol(RequestTimeout)]: undefined
}
京东快递签到 API请求失败，请检查网路重试

🔔京东快递签到, 结束! 🕛 1.782 秒

