
🔔京喜财富岛合成月饼, 开始!

====================共1个京东账号Cookie=========

==================脚本执行- 北京时间(UTC+8)：2022/6/25 下午7:07:01=====================

获取签名参数成功！
fp: 8239545459076165
token: tk02w94851c3618nfsPW2E3J31zmYmSsU6ILFc1CnsS5isxbG7a5XhUWli0g+tPCALBykAKOvhlEu1t6ufKwDt8Wzzd8
enCryptMethodJD: function test(tk,fp,ts,ai,algo){var rd='sPW2E3J31zmy';var str=`${tk}${fp}${ts}${ai}${rd}`;return algo.SHA256(str)}

******开始【京东账号1】***************


==============📣系统通知📣==============
京喜财富岛合成月饼
【提示】cookie已失效
京东账号1 ******
请重新登录获取
https://bean.m.jd.com/bean/signIndex.action


您未提供server酱的SCKEY，取消微信推送消息通知🚫

您未提供push+推送所需的PUSH_PLUS_TOKEN，取消push+推送消息通知🚫

您未提供Bark的APP推送BARK_PUSH，取消Bark推送消息通知🚫

您未提供telegram机器人推送所需的TG_BOT_TOKEN和TG_USER_ID，取消telegram推送消息通知🚫

您未提供钉钉机器人推送所需的DD_BOT_TOKEN或者DD_BOT_SECRET，取消钉钉推送消息通知🚫

您未提供企业微信应用消息推送所需的QYWX_AM，取消企业微信应用消息推送消息通知🚫

您未提供iGot的推送IGOT_PUSH_KEY，取消iGot推送消息通知🚫

企业微信发送通知消息成功🎉。

您将要助力的好友[]

🔔京喜财富岛合成月饼, 结束! 🕛 2.161 秒

