
🔔闪购盲盒, 开始!

====================共1个京东账号Cookie=========

==================脚本执行- 北京时间(UTC+8)：2022/6/25 上午8:48:42=====================

开始获取闪购盲盒配置文件

共1个京东账号

您提供了0个账号的闪购盲盒助力码

由于您第1个京东账号未提供shareCode,将采纳本脚本自带的助力码

开始
随机取0个码放到您固定的互助码后面(不影响已有固定互助)
第1个京东账号将要助力的好友["T022u_x3QRke_EnVIR_wnPEIcQCjVQmoaT5kRrbA","T0205KkcHkJujwKkXXy9wK9NCjVQmoaT5kRrbA","T012a1zrlZeWI-dHCjVQmoaT5kRrbA","T019-akPFF1AnyqCW0yx_ogCjVQmoaT5kRrbA","T0115ag1GUBItQ0CjVQmoaT5kRrbA","T0225KkcRU0b81bedhqhwvYCcQCjVQmoaT5kRrbA","T008anflPGF_CjVQmoaT5kRrbA","T020-5J1Qk0b8FzQckvzwv5cCjVQmoaT5kRrbA"]

******开始【京东账号1】***************


==============📣系统通知📣==============
闪购盲盒
【提示】cookie已失效
京东账号1 ******
请重新登录获取
https://bean.m.jd.com/bean/signIndex.action


您未提供server酱的SCKEY，取消微信推送消息通知🚫

您未提供push+推送所需的PUSH_PLUS_TOKEN，取消push+推送消息通知🚫

您未提供Bark的APP推送BARK_PUSH，取消Bark推送消息通知🚫

您未提供telegram机器人推送所需的TG_BOT_TOKEN和TG_USER_ID，取消telegram推送消息通知🚫

您未提供钉钉机器人推送所需的DD_BOT_TOKEN或者DD_BOT_SECRET，取消钉钉推送消息通知🚫

您未提供企业微信应用消息推送所需的QYWX_AM，取消企业微信应用消息推送消息通知🚫

您未提供iGot的推送IGOT_PUSH_KEY，取消iGot推送消息通知🚫

企业微信发送通知消息成功🎉。


🔔闪购盲盒, 结束! 🕛 1.033 秒

